[LOG] System::create                           : Header version = 2.00.07. Current version = 2.00.07.
[LOG] Manager::init                            : maxchannels = 256 studioflags = 00000006 flags 00000000 extradriverdata 0000000000000000.
[LOG] SystemI::init                            : Initialize version=20007 (107206), maxchannels=256, flags=0x00020000
[LOG] SystemI::setOutputInternal               : Setting output to 'FMOD WASAPI Output'
[LOG] OutputWASAPI::init                       : Mix Format (WAVEFORMATEX): wFormatTag=0xFFFE, nChannels=2, nSamplesPerSec=44100, nAvgBytesPerSec=352800, nBlockAlign=8, wBitsPerSample=32, cbSize=22.
[LOG] OutputWASAPI::init                       : Mix Format (WAVEFORMATEXTENSIBLE): wValidBitsPerSample=32, dwChannelMask=0x00000003, SubFormat=00000003-0000-0010-8000-00AA00389B71.
[LOG] OutputWASAPI::init                       : Output buffer size: 3760 samples, latency: 0.00ms, period: 10.00ms, DSP buffer: 1024 * 4
[WRN] SystemI::init                            : Output requires a sample rate of 44100Hz, resampling will occur.
[LOG] Thread::initThread                       : Init FMOD stream thread. Priority: 2, Stack Size: 98304, Semaphore: No, Sleep Time: 10, Looping: Yes.
[LOG] Thread::initThread                       : Init FMOD mixer thread. Priority: 3, Stack Size: 81920, Semaphore: No, Sleep Time: 0, Looping: Yes.
[LOG] AsyncManager::init                       : manager 0000020F73FBD968 isAsync 0 updatePeriod 0.02
[LOG] AsyncManager::init                       : done
[LOG] PlaybackSystem::init                     : 
[LOG] Thread::initThread                       : Init FMOD Studio sample load thread. Priority: 0, Stack Size: 98304, Semaphore: No, Sleep Time: 1, Looping: No.
[LOG] PlaybackSystem::init                     : done
[LOG] Thread::initThread                       : Init FMOD Studio bank load thread. Priority: 0, Stack Size: 98304, Semaphore: No, Sleep Time: 1, Looping: No.
[LOG] Manager::init                            : done.
[LOG] SystemI::createSoundInternal             : Create name='', mode=0x02000202
[LOG] SystemI::createSoundInternal             : exinfo->cbsize             = 224
[LOG] SystemI::createSoundInternal             : exinfo->length             = 2664512
[LOG] SystemI::createSoundInternal             : exinfo->fileoffset         = 45440
[LOG] SystemI::createSoundInternal             : exinfo->numsubsounds       = 1
[LOG] SystemI::createSoundInternal             : exinfo->inclusionlist      = 000000C8DFF8F5DC
[LOG] SystemI::createSoundInternal             : exinfo->inclusionlistnum   = 1
[LOG] SystemI::createSoundInternal             : exinfo->suggestedsoundtype = 5
[LOG] SystemI::createSoundInternal             : exinfo->useropen           = 00007FF86F0E8630
[LOG] SystemI::createSoundInternal             : exinfo->userclose          = 00007FF86F0E8600
[LOG] SystemI::createSoundInternal             : exinfo->userread           = 00007FF86F0E8700
[LOG] SystemI::createSoundInternal             : exinfo->userseek           = 00007FF86F0E87C0
[LOG] SystemI::createSoundInternal             : exinfo->fileuserdata       = 0000020F748E7718
[LOG] SystemI::createSoundInternal             : exinfo->initialseekpostype = 1
[LOG] SystemI::DSPCodecPoolRegister            : register codec pool for pool type 5
[LOG] SystemI::createSoundInternal             : Sample 0/1: name='Footstep_10', format=2, channels=2, frequency=48000, lengthbytes=8480, lengthpcm=88800, pcmblocksize=0, loopstart=0, loopend=0, mode=0x00000000, channelmask=0x00000000, channelorder=0, peakvolume=0.071899.
[LOG] SystemI::createSoundInternal             : Create name='', mode=0x02000202
[LOG] SystemI::createSoundInternal             : exinfo->cbsize             = 224
[LOG] SystemI::createSoundInternal             : exinfo->length             = 2664512
[LOG] SystemI::createSoundInternal             : exinfo->fileoffset         = 45440
[LOG] SystemI::createSoundInternal             : exinfo->numsubsounds       = 1
[LOG] SystemI::createSoundInternal             : exinfo->inclusionlist      = 000000C8DFF8F5DC
[LOG] SystemI::createSoundInternal             : exinfo->inclusionlistnum   = 1
[LOG] SystemI::createSoundInternal             : exinfo->suggestedsoundtype = 5
[LOG] SystemI::createSoundInternal             : exinfo->useropen           = 00007FF86F0E8630
[LOG] SystemI::createSoundInternal             : exinfo->userclose          = 00007FF86F0E8600
[LOG] SystemI::createSoundInternal             : exinfo->userread           = 00007FF86F0E8700
[LOG] SystemI::createSoundInternal             : exinfo->userseek           = 00007FF86F0E87C0
[LOG] SystemI::createSoundInternal             : exinfo->fileuserdata       = 0000020F748E7718
[LOG] SystemI::createSoundInternal             : exinfo->initialseekpostype = 1
[LOG] SystemI::DSPCodecPoolRegister            : register codec pool for pool type 5
[LOG] SystemI::createSoundInternal             : Sample 0/1: name='Footstep_06', format=2, channels=2, frequency=48000, lengthbytes=8160, lengthpcm=88800, pcmblocksize=0, loopstart=0, loopend=0, mode=0x00000000, channelmask=0x00000000, channelorder=0, peakvolume=0.059601.
[LOG] SystemI::createSoundInternal             : Create name='', mode=0x02000202
[LOG] SystemI::createSoundInternal             : exinfo->cbsize             = 224
[LOG] SystemI::createSoundInternal             : exinfo->length             = 2664512
[LOG] SystemI::createSoundInternal             : exinfo->fileoffset         = 45440
[LOG] SystemI::createSoundInternal             : exinfo->numsubsounds       = 1
[LOG] SystemI::createSoundInternal             : exinfo->inclusionlist      = 000000C8DFF8F5DC
[LOG] SystemI::createSoundInternal             : exinfo->inclusionlistnum   = 1
[LOG] SystemI::createSoundInternal             : exinfo->suggestedsoundtype = 5
[LOG] SystemI::createSoundInternal             : exinfo->useropen           = 00007FF86F0E8630
[LOG] SystemI::createSoundInternal             : exinfo->userclose          = 00007FF86F0E8600
[LOG] SystemI::createSoundInternal             : exinfo->userread           = 00007FF86F0E8700
[LOG] SystemI::createSoundInternal             : exinfo->userseek           = 00007FF86F0E87C0
[LOG] SystemI::createSoundInternal             : exinfo->fileuserdata       = 0000020F748E7718
[LOG] SystemI::createSoundInternal             : exinfo->initialseekpostype = 1
[LOG] SystemI::DSPCodecPoolRegister            : register codec pool for pool type 5
[LOG] SystemI::createSoundInternal             : Sample 0/1: name='Footstep_01', format=2, channels=2, frequency=48000, lengthbytes=10944, lengthpcm=88800, pcmblocksize=0, loopstart=0, loopend=0, mode=0x00000000, channelmask=0x00000000, channelorder=0, peakvolume=0.061005.
[LOG] SystemI::createSoundInternal             : Create name='', mode=0x02000202
[LOG] SystemI::createSoundInternal             : exinfo->cbsize             = 224
[LOG] SystemI::createSoundInternal             : exinfo->length             = 2664512
[LOG] SystemI::createSoundInternal             : exinfo->fileoffset         = 45440
[LOG] SystemI::createSoundInternal             : exinfo->numsubsounds       = 1
[LOG] SystemI::createSoundInternal             : exinfo->inclusionlist      = 000000C8DFF8F5DC
[LOG] SystemI::createSoundInternal             : exinfo->inclusionlistnum   = 1
[LOG] SystemI::createSoundInternal             : exinfo->suggestedsoundtype = 5
[LOG] SystemI::createSoundInternal             : exinfo->useropen           = 00007FF86F0E8630
[LOG] SystemI::createSoundInternal             : exinfo->userclose          = 00007FF86F0E8600
[LOG] SystemI::createSoundInternal             : exinfo->userread           = 00007FF86F0E8700
[LOG] SystemI::createSoundInternal             : exinfo->userseek           = 00007FF86F0E87C0
[LOG] SystemI::createSoundInternal             : exinfo->fileuserdata       = 0000020F748E7718
[LOG] SystemI::createSoundInternal             : exinfo->initialseekpostype = 1
[LOG] SystemI::DSPCodecPoolRegister            : register codec pool for pool type 5
[LOG] SystemI::createSoundInternal             : Sample 0/1: name='Footstep_02', format=2, channels=2, frequency=48000, lengthbytes=10624, lengthpcm=88800, pcmblocksize=0, loopstart=0, loopend=0, mode=0x00000000, channelmask=0x00000000, channelorder=0, peakvolume=0.075226.
[LOG] SystemI::createSoundInternal             : Create name='', mode=0x02000202
[LOG] SystemI::createSoundInternal             : exinfo->cbsize             = 224
[LOG] SystemI::createSoundInternal             : exinfo->length             = 2664512
[LOG] SystemI::createSoundInternal             : exinfo->fileoffset         = 45440
[LOG] SystemI::createSoundInternal             : exinfo->numsubsounds       = 1
[LOG] SystemI::createSoundInternal             : exinfo->inclusionlist      = 000000C8DFF8F5DC
[LOG] SystemI::createSoundInternal             : exinfo->inclusionlistnum   = 1
[LOG] SystemI::createSoundInternal             : exinfo->suggestedsoundtype = 5
[LOG] SystemI::createSoundInternal             : exinfo->useropen           = 00007FF86F0E8630
[LOG] SystemI::createSoundInternal             : exinfo->userclose          = 00007FF86F0E8600
[LOG] SystemI::createSoundInternal             : exinfo->userread           = 00007FF86F0E8700
[LOG] SystemI::createSoundInternal             : exinfo->userseek           = 00007FF86F0E87C0
[LOG] SystemI::createSoundInternal             : exinfo->fileuserdata       = 0000020F748E7718
[LOG] SystemI::createSoundInternal             : exinfo->initialseekpostype = 1
[LOG] SystemI::DSPCodecPoolRegister            : register codec pool for pool type 5
[LOG] SystemI::createSoundInternal             : Sample 0/1: name='Footstep_09', format=2, channels=2, frequency=48000, lengthbytes=7776, lengthpcm=88800, pcmblocksize=0, loopstart=0, loopend=0, mode=0x00000000, channelmask=0x00000000, channelorder=0, peakvolume=0.078033.
[LOG] SystemI::createSoundInternal             : Create name='', mode=0x02000202
[LOG] SystemI::createSoundInternal             : exinfo->cbsize             = 224
[LOG] SystemI::createSoundInternal             : exinfo->length             = 2664512
[LOG] SystemI::createSoundInternal             : exinfo->fileoffset         = 45440
[LOG] SystemI::createSoundInternal             : exinfo->numsubsounds       = 1
[LOG] SystemI::createSoundInternal             : exinfo->inclusionlist      = 000000C8DFF8F5DC
[LOG] SystemI::createSoundInternal             : exinfo->inclusionlistnum   = 1
[LOG] SystemI::createSoundInternal             : exinfo->suggestedsoundtype = 5
[LOG] SystemI::createSoundInternal             : exinfo->useropen           = 00007FF86F0E8630
[LOG] SystemI::createSoundInternal             : exinfo->userclose          = 00007FF86F0E8600
[LOG] SystemI::createSoundInternal             : exinfo->userread           = 00007FF86F0E8700
[LOG] SystemI::createSoundInternal             : exinfo->userseek           = 00007FF86F0E87C0
[LOG] SystemI::createSoundInternal             : exinfo->fileuserdata       = 0000020F748E7718
[LOG] SystemI::createSoundInternal             : exinfo->initialseekpostype = 1
[LOG] SystemI::DSPCodecPoolRegister            : register codec pool for pool type 5
[LOG] SystemI::createSoundInternal             : Sample 0/1: name='Footstep_07', format=2, channels=2, frequency=48000, lengthbytes=9120, lengthpcm=88800, pcmblocksize=0, loopstart=0, loopend=0, mode=0x00000000, channelmask=0x00000000, channelorder=0, peakvolume=0.063721.
[LOG] SystemI::createSoundInternal             : Create name='', mode=0x02000202
[LOG] SystemI::createSoundInternal             : exinfo->cbsize             = 224
[LOG] SystemI::createSoundInternal             : exinfo->length             = 2664512
[LOG] SystemI::createSoundInternal             : exinfo->fileoffset         = 45440
[LOG] SystemI::createSoundInternal             : exinfo->numsubsounds       = 1
[LOG] SystemI::createSoundInternal             : exinfo->inclusionlist      = 000000C8DFF8F5DC
[LOG] SystemI::createSoundInternal             : exinfo->inclusionlistnum   = 1
[LOG] SystemI::createSoundInternal             : exinfo->suggestedsoundtype = 5
[LOG] SystemI::createSoundInternal             : exinfo->useropen           = 00007FF86F0E8630
[LOG] SystemI::createSoundInternal             : exinfo->userclose          = 00007FF86F0E8600
[LOG] SystemI::createSoundInternal             : exinfo->userread           = 00007FF86F0E8700
[LOG] SystemI::createSoundInternal             : exinfo->userseek           = 00007FF86F0E87C0
[LOG] SystemI::createSoundInternal             : exinfo->fileuserdata       = 0000020F748E7718
[LOG] SystemI::createSoundInternal             : exinfo->initialseekpostype = 1
[LOG] SystemI::DSPCodecPoolRegister            : register codec pool for pool type 5
[LOG] SystemI::createSoundInternal             : Sample 0/1: name='Footstep_03', format=2, channels=2, frequency=48000, lengthbytes=8000, lengthpcm=88800, pcmblocksize=0, loopstart=0, loopend=0, mode=0x00000000, channelmask=0x00000000, channelorder=0, peakvolume=0.090210.
[LOG] SystemI::createSoundInternal             : Create name='', mode=0x02000202
[LOG] SystemI::createSoundInternal             : exinfo->cbsize             = 224
[LOG] SystemI::createSoundInternal             : exinfo->length             = 2664512
[LOG] SystemI::createSoundInternal             : exinfo->fileoffset         = 45440
[LOG] SystemI::createSoundInternal             : exinfo->numsubsounds       = 1
[LOG] SystemI::createSoundInternal             : exinfo->inclusionlist      = 000000C8DFF8F5DC
[LOG] SystemI::createSoundInternal             : exinfo->inclusionlistnum   = 1
[LOG] SystemI::createSoundInternal             : exinfo->suggestedsoundtype = 5
[LOG] SystemI::createSoundInternal             : exinfo->useropen           = 00007FF86F0E8630
[LOG] SystemI::createSoundInternal             : exinfo->userclose          = 00007FF86F0E8600
[LOG] SystemI::createSoundInternal             : exinfo->userread           = 00007FF86F0E8700
[LOG] SystemI::createSoundInternal             : exinfo->userseek           = 00007FF86F0E87C0
[LOG] SystemI::createSoundInternal             : exinfo->fileuserdata       = 0000020F748E7718
[LOG] SystemI::createSoundInternal             : exinfo->initialseekpostype = 1
[LOG] SystemI::DSPCodecPoolRegister            : register codec pool for pool type 5
[LOG] SystemI::createSoundInternal             : Sample 0/1: name='Footstep_08', format=2, channels=2, frequency=48000, lengthbytes=6592, lengthpcm=88800, pcmblocksize=0, loopstart=0, loopend=0, mode=0x00000000, channelmask=0x00000000, channelorder=0, peakvolume=0.046387.
[LOG] SystemI::createSoundInternal             : Create name='', mode=0x02000202
[LOG] SystemI::createSoundInternal             : exinfo->cbsize             = 224
[LOG] SystemI::createSoundInternal             : exinfo->length             = 2664512
[LOG] SystemI::createSoundInternal             : exinfo->fileoffset         = 45440
[LOG] SystemI::createSoundInternal             : exinfo->numsubsounds       = 1
[LOG] SystemI::createSoundInternal             : exinfo->inclusionlist      = 000000C8DFF8F5DC
[LOG] SystemI::createSoundInternal             : exinfo->inclusionlistnum   = 1
[LOG] SystemI::createSoundInternal             : exinfo->suggestedsoundtype = 5
[LOG] SystemI::createSoundInternal             : exinfo->useropen           = 00007FF86F0E8630
[LOG] SystemI::createSoundInternal             : exinfo->userclose          = 00007FF86F0E8600
[LOG] SystemI::createSoundInternal             : exinfo->userread           = 00007FF86F0E8700
[LOG] SystemI::createSoundInternal             : exinfo->userseek           = 00007FF86F0E87C0
[LOG] SystemI::createSoundInternal             : exinfo->fileuserdata       = 0000020F7C12D2D8
[LOG] SystemI::createSoundInternal             : exinfo->initialseekpostype = 1
[LOG] SystemI::DSPCodecPoolRegister            : register codec pool for pool type 5
[LOG] SystemI::createSoundInternal             : Sample 0/1: name='404561__superphat__assaultrifle2', format=2, channels=1, frequency=48000, lengthbytes=25760, lengthpcm=168000, pcmblocksize=0, loopstart=0, loopend=0, mode=0x00000000, channelmask=0x00000000, channelorder=0, peakvolume=0.999969.
[LOG] SystemI::createSoundInternal             : Create name='', mode=0x02000202
[LOG] SystemI::createSoundInternal             : exinfo->cbsize             = 224
[LOG] SystemI::createSoundInternal             : exinfo->length             = 2664512
[LOG] SystemI::createSoundInternal             : exinfo->fileoffset         = 45440
[LOG] SystemI::createSoundInternal             : exinfo->numsubsounds       = 1
[LOG] SystemI::createSoundInternal             : exinfo->inclusionlist      = 000000C8DFF8F5DC
[LOG] SystemI::createSoundInternal             : exinfo->inclusionlistnum   = 1
[LOG] SystemI::createSoundInternal             : exinfo->suggestedsoundtype = 5
[LOG] SystemI::createSoundInternal             : exinfo->useropen           = 00007FF86F0E8630
[LOG] SystemI::createSoundInternal             : exinfo->userclose          = 00007FF86F0E8600
[LOG] SystemI::createSoundInternal             : exinfo->userread           = 00007FF86F0E8700
[LOG] SystemI::createSoundInternal             : exinfo->userseek           = 00007FF86F0E87C0
[LOG] SystemI::createSoundInternal             : exinfo->fileuserdata       = 0000020F7C12D2D8
[LOG] SystemI::createSoundInternal             : exinfo->initialseekpostype = 1
[LOG] SystemI::DSPCodecPoolRegister            : register codec pool for pool type 5
[LOG] SystemI::createSoundInternal             : Sample 0/1: name='Shotgun_00', format=2, channels=2, frequency=48000, lengthbytes=11488, lengthpcm=60488, pcmblocksize=0, loopstart=0, loopend=0, mode=0x00000000, channelmask=0x00000000, channelorder=0, peakvolume=0.848877.
[LOG] SystemI::createSoundInternal             : Create name='', mode=0x02000202
[LOG] SystemI::createSoundInternal             : exinfo->cbsize             = 224
[LOG] SystemI::createSoundInternal             : exinfo->length             = 2664512
[LOG] SystemI::createSoundInternal             : exinfo->fileoffset         = 45440
[LOG] SystemI::createSoundInternal             : exinfo->numsubsounds       = 1
[LOG] SystemI::createSoundInternal             : exinfo->inclusionlist      = 000000C8DFF8F5DC
[LOG] SystemI::createSoundInternal             : exinfo->inclusionlistnum   = 1
[LOG] SystemI::createSoundInternal             : exinfo->suggestedsoundtype = 5
[LOG] SystemI::createSoundInternal             : exinfo->useropen           = 00007FF86F0E8630
[LOG] SystemI::createSoundInternal             : exinfo->userclose          = 00007FF86F0E8600
[LOG] SystemI::createSoundInternal             : exinfo->userread           = 00007FF86F0E8700
[LOG] SystemI::createSoundInternal             : exinfo->userseek           = 00007FF86F0E87C0
[LOG] SystemI::createSoundInternal             : exinfo->fileuserdata       = 0000020F7C12D2D8
[LOG] SystemI::createSoundInternal             : exinfo->initialseekpostype = 1
[LOG] SystemI::DSPCodecPoolRegister            : register codec pool for pool type 5
[LOG] SystemI::createSoundInternal             : Sample 0/1: name='404562__superphat__assaultrifle1', format=2, channels=1, frequency=48000, lengthbytes=25248, lengthpcm=168000, pcmblocksize=0, loopstart=0, loopend=0, mode=0x00000000, channelmask=0x00000000, channelorder=0, peakvolume=0.999969.
[LOG] SystemI::createSoundInternal             : Create name='', mode=0x02000202
[LOG] SystemI::createSoundInternal             : exinfo->cbsize             = 224
[LOG] SystemI::createSoundInternal             : exinfo->length             = 2664512
[LOG] SystemI::createSoundInternal             : exinfo->fileoffset         = 45440
[LOG] SystemI::createSoundInternal             : exinfo->numsubsounds       = 1
[LOG] SystemI::createSoundInternal             : exinfo->inclusionlist      = 000000C8DFF8F5DC
[LOG] SystemI::createSoundInternal             : exinfo->inclusionlistnum   = 1
[LOG] SystemI::createSoundInternal             : exinfo->suggestedsoundtype = 5
[LOG] SystemI::createSoundInternal             : exinfo->useropen           = 00007FF86F0E8630
[LOG] SystemI::createSoundInternal             : exinfo->userclose          = 00007FF86F0E8600
[LOG] SystemI::createSoundInternal             : exinfo->userread           = 00007FF86F0E8700
[LOG] SystemI::createSoundInternal             : exinfo->userseek           = 00007FF86F0E87C0
[LOG] SystemI::createSoundInternal             : exinfo->fileuserdata       = 0000020F7C12D2D8
[LOG] SystemI::createSoundInternal             : exinfo->initialseekpostype = 1
[LOG] SystemI::DSPCodecPoolRegister            : register codec pool for pool type 5
[LOG] SystemI::createSoundInternal             : Sample 0/1: name='404560__superphat__assaultrifle3', format=2, channels=1, frequency=48000, lengthbytes=25472, lengthpcm=168000, pcmblocksize=0, loopstart=0, loopend=0, mode=0x00000000, channelmask=0x00000000, channelorder=0, peakvolume=0.999969.
[LOG] SystemI::createSoundInternal             : Create name='', mode=0x02000202
[LOG] SystemI::createSoundInternal             : exinfo->cbsize             = 224
[LOG] SystemI::createSoundInternal             : exinfo->length             = 2664512
[LOG] SystemI::createSoundInternal             : exinfo->fileoffset         = 45440
[LOG] SystemI::createSoundInternal             : exinfo->numsubsounds       = 1
[LOG] SystemI::createSoundInternal             : exinfo->inclusionlist      = 000000C8DFF8F5DC
[LOG] SystemI::createSoundInternal             : exinfo->inclusionlistnum   = 1
[LOG] SystemI::createSoundInternal             : exinfo->suggestedsoundtype = 5
[LOG] SystemI::createSoundInternal             : exinfo->useropen           = 00007FF86F0E8630
[LOG] SystemI::createSoundInternal             : exinfo->userclose          = 00007FF86F0E8600
[LOG] SystemI::createSoundInternal             : exinfo->userread           = 00007FF86F0E8700
[LOG] SystemI::createSoundInternal             : exinfo->userseek           = 00007FF86F0E87C0
[LOG] SystemI::createSoundInternal             : exinfo->fileuserdata       = 0000020F7C12D2D8
[LOG] SystemI::createSoundInternal             : exinfo->initialseekpostype = 1
[LOG] SystemI::DSPCodecPoolRegister            : register codec pool for pool type 5
[LOG] SystemI::createSoundInternal             : Sample 0/1: name='Lightning Sweetener 01', format=2, channels=2, frequency=48000, lengthbytes=40128, lengthpcm=154068, pcmblocksize=0, loopstart=0, loopend=0, mode=0x00000000, channelmask=0x00000000, channelorder=0, peakvolume=0.457855.
[LOG] SystemI::createSoundInternal             : Create name='', mode=0x02000202
[LOG] SystemI::createSoundInternal             : exinfo->cbsize             = 224
[LOG] SystemI::createSoundInternal             : exinfo->length             = 2664512
[LOG] SystemI::createSoundInternal             : exinfo->fileoffset         = 45440
[LOG] SystemI::createSoundInternal             : exinfo->numsubsounds       = 1
[LOG] SystemI::createSoundInternal             : exinfo->inclusionlist      = 000000C8DFF8F5DC
[LOG] SystemI::createSoundInternal             : exinfo->inclusionlistnum   = 1
[LOG] SystemI::createSoundInternal             : exinfo->suggestedsoundtype = 5
[LOG] SystemI::createSoundInternal             : exinfo->useropen           = 00007FF86F0E8630
[LOG] SystemI::createSoundInternal             : exinfo->userclose          = 00007FF86F0E8600
[LOG] SystemI::createSoundInternal             : exinfo->userread           = 00007FF86F0E8700
[LOG] SystemI::createSoundInternal             : exinfo->userseek           = 00007FF86F0E87C0
[LOG] SystemI::createSoundInternal             : exinfo->fileuserdata       = 0000020F7C12D2D8
[LOG] SystemI::createSoundInternal             : exinfo->initialseekpostype = 1
[LOG] SystemI::DSPCodecPoolRegister            : register codec pool for pool type 5
[LOG] SystemI::createSoundInternal             : Sample 0/1: name='427595__michorvath__20-gauge-shotgun-gunshot', format=2, channels=1, frequency=48000, lengthbytes=15040, lengthpcm=83625, pcmblocksize=0, loopstart=0, loopend=0, mode=0x00000000, channelmask=0x00000000, channelorder=0, peakvolume=0.999939.
[LOG] SoundI::release                          :  (0000020F076F9EB8)
[LOG] SoundI::release                          :     Shotgun_00 (0000020F747878C8)
[LOG] SoundI::release                          :  (0000020F076FA8C8)
[LOG] SoundI::release                          :     404560__superphat__assaultrifle3 (0000020F747873E8)
[LOG] SoundI::release                          :  (0000020F076FB898)
[LOG] SoundI::release                          :     404562__superphat__assaultrifle1 (0000020F747870A8)
[LOG] SoundI::release                          :  (0000020F076FAE88)
[LOG] SoundI::release                          :     404561__superphat__assaultrifle2 (0000020F74786A28)
[LOG] SoundI::release                          :  (0000020F7E061838)
[LOG] SoundI::release                          :     Lightning Sweetener 01 (0000020F74786BC8)
[LOG] SoundI::release                          :  (0000020F7E05FE58)
[LOG] SoundI::release                          :     427595__michorvath__20-gauge-shotgun-gunshot (0000020F74787588)
[LOG] SoundI::release                          :  (0000020F01B28C68)
[LOG] SoundI::release                          :     Footstep_01 (0000020F7E4477B8)
[LOG] SoundI::release                          :  (0000020F01B28DD8)
[LOG] SoundI::release                          :     Footstep_02 (0000020F7E4472D8)
[LOG] SoundI::release                          :  (0000020F01B29508)
[LOG] SoundI::release                          :     Footstep_03 (0000020F7E447AF8)
[LOG] SoundI::release                          :  (0000020F01B28AF8)
[LOG] SoundI::release                          :     Footstep_06 (0000020F7E446DF8)
[LOG] SoundI::release                          :  (0000020F01B29228)
[LOG] SoundI::release                          :     Footstep_07 (0000020F7E447618)
[LOG] SoundI::release                          :  (0000020F7E0616C8)
[LOG] SoundI::release                          :     Footstep_08 (0000020F7E447C98)
[LOG] SoundI::release                          :  (0000020F01B290B8)
[LOG] SoundI::release                          :     Footstep_09 (0000020F7E447478)
[LOG] SoundI::release                          :  (0000020F01B286A8)
[LOG] SoundI::release                          :     Footstep_10 (0000020F7E446AB8)
[LOG] Thread::callback                         : FMOD Studio update thread finished.
[LOG] Thread::callback                         : FMOD Studio bank load thread finished.
[LOG] Profile::disconnectAll                   : Profiler disconnecting all clients
[LOG] Thread::callback                         : FMOD Studio sample load thread finished.
[LOG] LiveUpdate::release                      : 
[LOG] LiveUpdate::reset                        : Reset connection (reason Disconnected)
[LOG] Thread::callback                         : FMOD stream thread finished.
[LOG] Thread::callback                         : FMOD mixer thread finished.
[LOG] Profile::disconnectAll                   : Profiler disconnecting all clients
[LOG] SystemI::close                           : Closed.
